<?xml version="1.0" encoding="UTF-8"?>
<testsuite xmlns:xsi="http://www.w3.org/2001/XMLSchema-instance" xsi:noNamespaceSchemaLocation="https://maven.apache.org/surefire/maven-surefire-plugin/xsd/surefire-test-report.xsd" name="ar.edu.iua.business.ConciliacionBusinessTest" time="4.617" tests="1" errors="1" skipped="0" failures="0">
  <properties>
[...]
</properties>
  <testcase name="testLoadSuccess" classname="ar.edu.iua.business.ConciliacionBusinessTest" time="0.184">
    <error message="ar.edu.iua.business.exception.NotFoundException: No se encontro ningun producto cn el filtro especificado." type="ar.edu.iua.business.exception.BusinessException">ar.edu.iua.business.exception.BusinessException: ar.edu.iua.business.exception.NotFoundException: No se encontro ningun producto cn el filtro especificado.
	at ar.edu.iua.business.ConciliacionBusinessTest.testLoadSuccess(ConciliacionBusinessTest.java:68)
Caused by: ar.edu.iua.business.exception.NotFoundException: No se encontro ningun producto cn el filtro especificado.
	at ar.edu.iua.business.ConciliacionBusinessTest.testLoadSuccess(ConciliacionBusinessTest.java:68)
</error>
    <system-out><![CDATA[15:23:18.216 [main] DEBUG org.springframework.test.context.junit4.SpringJUnit4ClassRunner - SpringJUnit4ClassRunner constructor called with [class ar.edu.iua.business.ConciliacionBusinessTest]
15:23:18.223 [main] DEBUG org.springframework.test.context.BootstrapUtils - Instantiating CacheAwareContextLoaderDelegate from class [org.springframework.test.context.cache.DefaultCacheAwareContextLoaderDelegate]
15:23:18.234 [main] DEBUG org.springframework.test.context.BootstrapUtils - Instantiating BootstrapContext using constructor [public org.springframework.test.context.support.DefaultBootstrapContext(java.lang.Class,org.springframework.test.context.CacheAwareContextLoaderDelegate)]
15:23:18.265 [main] DEBUG org.springframework.test.context.BootstrapUtils - Instantiating TestContextBootstrapper for test class [ar.edu.iua.business.ConciliacionBusinessTest] from class [org.springframework.boot.test.context.SpringBootTestContextBootstrapper]
15:23:18.283 [main] INFO org.springframework.boot.test.context.SpringBootTestContextBootstrapper - Neither @ContextConfiguration nor @ContextHierarchy found for test class [ar.edu.iua.business.ConciliacionBusinessTest], using SpringBootContextLoader
15:23:18.290 [main] DEBUG org.springframework.test.context.support.AbstractContextLoader - Did not detect default resource location for test class [ar.edu.iua.business.ConciliacionBusinessTest]: class path resource [ar/edu/iua/business/ConciliacionBusinessTest-context.xml] does not exist
15:23:18.291 [main] DEBUG org.springframework.test.context.support.AbstractContextLoader - Did not detect default resource location for test class [ar.edu.iua.business.ConciliacionBusinessTest]: class path resource [ar/edu/iua/business/ConciliacionBusinessTestContext.groovy] does not exist
15:23:18.291 [main] INFO org.springframework.test.context.support.AbstractContextLoader - Could not detect default resource locations for test class [ar.edu.iua.business.ConciliacionBusinessTest]: no resource found for suffixes {-context.xml, Context.groovy}.
15:23:18.292 [main] INFO org.springframework.test.context.support.AnnotationConfigContextLoaderUtils - Could not detect default configuration classes for test class [ar.edu.iua.business.ConciliacionBusinessTest]: ConciliacionBusinessTest does not declare any static, non-private, non-final, nested classes annotated with @Configuration.
15:23:18.354 [main] DEBUG org.springframework.test.context.support.ActiveProfilesUtils - Could not find an 'annotation declaring class' for annotation type [org.springframework.test.context.ActiveProfiles] and class [ar.edu.iua.business.ConciliacionBusinessTest]
15:23:18.445 [main] DEBUG org.springframework.context.annotation.ClassPathScanningCandidateComponentProvider - Identified candidate component class: file [/mnt/c/Users/matia/OneDrive/Escritorio/IUA/Web 3/FINAL_iw3/target/classes/ar/edu/iua/BackendApplication.class]
15:23:18.451 [main] INFO org.springframework.boot.test.context.SpringBootTestContextBootstrapper - Found @SpringBootConfiguration ar.edu.iua.BackendApplication for test class ar.edu.iua.business.ConciliacionBusinessTest
15:23:18.554 [main] DEBUG org.springframework.boot.test.context.SpringBootTestContextBootstrapper - @TestExecutionListeners is not present for class [ar.edu.iua.business.ConciliacionBusinessTest]: using defaults.
15:23:18.555 [main] INFO org.springframework.boot.test.context.SpringBootTestContextBootstrapper - Loaded default TestExecutionListener class names from location [META-INF/spring.factories]: [org.springframework.boot.test.mock.mockito.MockitoTestExecutionListener, org.springframework.boot.test.mock.mockito.ResetMocksTestExecutionListener, org.springframework.boot.test.autoconfigure.restdocs.RestDocsTestExecutionListener, org.springframework.boot.test.autoconfigure.web.client.MockRestServiceServerResetTestExecutionListener, org.springframework.boot.test.autoconfigure.web.servlet.MockMvcPrintOnlyOnFailureTestExecutionListener, org.springframework.boot.test.autoconfigure.web.servlet.WebDriverTestExecutionListener, org.springframework.boot.test.autoconfigure.webservices.client.MockWebServiceServerTestExecutionListener, org.springframework.test.context.web.ServletTestExecutionListener, org.springframework.test.context.support.DirtiesContextBeforeModesTestExecutionListener, org.springframework.test.context.support.DependencyInjectionTestExecutionListener, org.springframework.test.context.support.DirtiesContextTestExecutionListener, org.springframework.test.context.transaction.TransactionalTestExecutionListener, org.springframework.test.context.jdbc.SqlScriptsTestExecutionListener, org.springframework.test.context.event.EventPublishingTestExecutionListener]
15:23:18.572 [main] INFO org.springframework.boot.test.context.SpringBootTestContextBootstrapper - Using TestExecutionListeners: [org.springframework.test.context.web.ServletTestExecutionListener@14a50707, org.springframework.test.context.support.DirtiesContextBeforeModesTestExecutionListener@4d518b32, org.springframework.boot.test.mock.mockito.MockitoTestExecutionListener@4bd31064, org.springframework.boot.test.autoconfigure.SpringBootDependencyInjectionTestExecutionListener@e3c0e40, org.springframework.test.context.support.DirtiesContextTestExecutionListener@329dbdbf, org.springframework.test.context.transaction.TransactionalTestExecutionListener@7354b8c5, org.springframework.test.context.jdbc.SqlScriptsTestExecutionListener@20d7d6fb, org.springframework.test.context.event.EventPublishingTestExecutionListener@4ef782af, org.springframework.boot.test.mock.mockito.ResetMocksTestExecutionListener@11d8ae8b, org.springframework.boot.test.autoconfigure.restdocs.RestDocsTestExecutionListener@479cbee5, org.springframework.boot.test.autoconfigure.web.client.MockRestServiceServerResetTestExecutionListener@59e2d8e3, org.springframework.boot.test.autoconfigure.web.servlet.MockMvcPrintOnlyOnFailureTestExecutionListener@2b72cb8a, org.springframework.boot.test.autoconfigure.web.servlet.WebDriverTestExecutionListener@7f8a9499, org.springframework.boot.test.autoconfigure.webservices.client.MockWebServiceServerTestExecutionListener@5d43661b]
15:23:18.574 [main] DEBUG org.springframework.test.annotation.ProfileValueUtils - Retrieved @ProfileValueSourceConfiguration [null] for test class [ar.edu.iua.business.ConciliacionBusinessTest]
15:23:18.575 [main] DEBUG org.springframework.test.annotation.ProfileValueUtils - Retrieved ProfileValueSource type [class org.springframework.test.annotation.SystemProfileValueSource] for class [ar.edu.iua.business.ConciliacionBusinessTest]
15:23:18.578 [main] DEBUG org.springframework.test.annotation.ProfileValueUtils - Retrieved @ProfileValueSourceConfiguration [null] for test class [ar.edu.iua.business.ConciliacionBusinessTest]
15:23:18.579 [main] DEBUG org.springframework.test.annotation.ProfileValueUtils - Retrieved ProfileValueSource type [class org.springframework.test.annotation.SystemProfileValueSource] for class [ar.edu.iua.business.ConciliacionBusinessTest]
15:23:18.582 [main] DEBUG org.springframework.test.annotation.ProfileValueUtils - Retrieved @ProfileValueSourceConfiguration [null] for test class [ar.edu.iua.business.ConciliacionBusinessTest]
15:23:18.582 [main] DEBUG org.springframework.test.annotation.ProfileValueUtils - Retrieved ProfileValueSource type [class org.springframework.test.annotation.SystemProfileValueSource] for class [ar.edu.iua.business.ConciliacionBusinessTest]
15:23:18.602 [main] DEBUG org.springframework.test.context.junit4.SpringJUnit4ClassRunner - SpringJUnit4ClassRunner constructor called with [class ar.edu.iua.business.ConciliacionBusinessTest]
15:23:18.603 [main] DEBUG org.springframework.test.context.BootstrapUtils - Instantiating CacheAwareContextLoaderDelegate from class [org.springframework.test.context.cache.DefaultCacheAwareContextLoaderDelegate]
15:23:18.603 [main] DEBUG org.springframework.test.context.BootstrapUtils - Instantiating BootstrapContext using constructor [public org.springframework.test.context.support.DefaultBootstrapContext(java.lang.Class,org.springframework.test.context.CacheAwareContextLoaderDelegate)]
15:23:18.603 [main] DEBUG org.springframework.test.context.BootstrapUtils - Instantiating TestContextBootstrapper for test class [ar.edu.iua.business.ConciliacionBusinessTest] from class [org.springframework.boot.test.context.SpringBootTestContextBootstrapper]
15:23:18.604 [main] INFO org.springframework.boot.test.context.SpringBootTestContextBootstrapper - Neither @ContextConfiguration nor @ContextHierarchy found for test class [ar.edu.iua.business.ConciliacionBusinessTest], using SpringBootContextLoader
15:23:18.605 [main] DEBUG org.springframework.test.context.support.AbstractContextLoader - Did not detect default resource location for test class [ar.edu.iua.business.ConciliacionBusinessTest]: class path resource [ar/edu/iua/business/ConciliacionBusinessTest-context.xml] does not exist
15:23:18.606 [main] DEBUG org.springframework.test.context.support.AbstractContextLoader - Did not detect default resource location for test class [ar.edu.iua.business.ConciliacionBusinessTest]: class path resource [ar/edu/iua/business/ConciliacionBusinessTestContext.groovy] does not exist
15:23:18.606 [main] INFO org.springframework.test.context.support.AbstractContextLoader - Could not detect default resource locations for test class [ar.edu.iua.business.ConciliacionBusinessTest]: no resource found for suffixes {-context.xml, Context.groovy}.
15:23:18.606 [main] INFO org.springframework.test.context.support.AnnotationConfigContextLoaderUtils - Could not detect default configuration classes for test class [ar.edu.iua.business.ConciliacionBusinessTest]: ConciliacionBusinessTest does not declare any static, non-private, non-final, nested classes annotated with @Configuration.
15:23:18.609 [main] DEBUG org.springframework.test.context.support.ActiveProfilesUtils - Could not find an 'annotation declaring class' for annotation type [org.springframework.test.context.ActiveProfiles] and class [ar.edu.iua.business.ConciliacionBusinessTest]
15:23:18.609 [main] INFO org.springframework.boot.test.context.SpringBootTestContextBootstrapper - Found @SpringBootConfiguration ar.edu.iua.BackendApplication for test class ar.edu.iua.business.ConciliacionBusinessTest
15:23:18.611 [main] DEBUG org.springframework.boot.test.context.SpringBootTestContextBootstrapper - @TestExecutionListeners is not present for class [ar.edu.iua.business.ConciliacionBusinessTest]: using defaults.
15:23:18.611 [main] INFO org.springframework.boot.test.context.SpringBootTestContextBootstrapper - Loaded default TestExecutionListener class names from location [META-INF/spring.factories]: [org.springframework.boot.test.mock.mockito.MockitoTestExecutionListener, org.springframework.boot.test.mock.mockito.ResetMocksTestExecutionListener, org.springframework.boot.test.autoconfigure.restdocs.RestDocsTestExecutionListener, org.springframework.boot.test.autoconfigure.web.client.MockRestServiceServerResetTestExecutionListener, org.springframework.boot.test.autoconfigure.web.servlet.MockMvcPrintOnlyOnFailureTestExecutionListener, org.springframework.boot.test.autoconfigure.web.servlet.WebDriverTestExecutionListener, org.springframework.boot.test.autoconfigure.webservices.client.MockWebServiceServerTestExecutionListener, org.springframework.test.context.web.ServletTestExecutionListener, org.springframework.test.context.support.DirtiesContextBeforeModesTestExecutionListener, org.springframework.test.context.support.DependencyInjectionTestExecutionListener, org.springframework.test.context.support.DirtiesContextTestExecutionListener, org.springframework.test.context.transaction.TransactionalTestExecutionListener, org.springframework.test.context.jdbc.SqlScriptsTestExecutionListener, org.springframework.test.context.event.EventPublishingTestExecutionListener]
15:23:18.612 [main] INFO org.springframework.boot.test.context.SpringBootTestContextBootstrapper - Using TestExecutionListeners: [org.springframework.test.context.web.ServletTestExecutionListener@5170bcf4, org.springframework.test.context.support.DirtiesContextBeforeModesTestExecutionListener@2812b107, org.springframework.boot.test.mock.mockito.MockitoTestExecutionListener@df6620a, org.springframework.boot.test.autoconfigure.SpringBootDependencyInjectionTestExecutionListener@4e31276e, org.springframework.test.context.support.DirtiesContextTestExecutionListener@1a72a540, org.springframework.test.context.transaction.TransactionalTestExecutionListener@27d5a580, org.springframework.test.context.jdbc.SqlScriptsTestExecutionListener@198d6542, org.springframework.test.context.event.EventPublishingTestExecutionListener@5e403b4a, org.springframework.boot.test.mock.mockito.ResetMocksTestExecutionListener@5117dd67, org.springframework.boot.test.autoconfigure.restdocs.RestDocsTestExecutionListener@5be49b60, org.springframework.boot.test.autoconfigure.web.client.MockRestServiceServerResetTestExecutionListener@2931522b, org.springframework.boot.test.autoconfigure.web.servlet.MockMvcPrintOnlyOnFailureTestExecutionListener@7674b62c, org.springframework.boot.test.autoconfigure.web.servlet.WebDriverTestExecutionListener@19e7a160, org.springframework.boot.test.autoconfigure.webservices.client.MockWebServiceServerTestExecutionListener@662706a7]
15:23:18.612 [main] DEBUG org.springframework.test.annotation.ProfileValueUtils - Retrieved @ProfileValueSourceConfiguration [null] for test class [ar.edu.iua.business.ConciliacionBusinessTest]
15:23:18.612 [main] DEBUG org.springframework.test.annotation.ProfileValueUtils - Retrieved ProfileValueSource type [class org.springframework.test.annotation.SystemProfileValueSource] for class [ar.edu.iua.business.ConciliacionBusinessTest]
15:23:18.612 [main] DEBUG org.springframework.test.annotation.ProfileValueUtils - Retrieved @ProfileValueSourceConfiguration [null] for test class [ar.edu.iua.business.ConciliacionBusinessTest]
15:23:18.612 [main] DEBUG org.springframework.test.annotation.ProfileValueUtils - Retrieved ProfileValueSource type [class org.springframework.test.annotation.SystemProfileValueSource] for class [ar.edu.iua.business.ConciliacionBusinessTest]
15:23:18.612 [main] DEBUG org.springframework.test.annotation.ProfileValueUtils - Retrieved @ProfileValueSourceConfiguration [null] for test class [ar.edu.iua.business.ConciliacionBusinessTest]
15:23:18.612 [main] DEBUG org.springframework.test.annotation.ProfileValueUtils - Retrieved ProfileValueSource type [class org.springframework.test.annotation.SystemProfileValueSource] for class [ar.edu.iua.business.ConciliacionBusinessTest]
15:23:18.632 [main] DEBUG org.springframework.test.annotation.ProfileValueUtils - Retrieved @ProfileValueSourceConfiguration [null] for test class [ar.edu.iua.business.ConciliacionBusinessTest]
15:23:18.632 [main] DEBUG org.springframework.test.annotation.ProfileValueUtils - Retrieved ProfileValueSource type [class org.springframework.test.annotation.SystemProfileValueSource] for class [ar.edu.iua.business.ConciliacionBusinessTest]
15:23:18.635 [main] DEBUG org.springframework.test.annotation.ProfileValueUtils - Retrieved @ProfileValueSourceConfiguration [null] for test class [ar.edu.iua.business.ConciliacionBusinessTest]
15:23:18.635 [main] DEBUG org.springframework.test.annotation.ProfileValueUtils - Retrieved ProfileValueSource type [class org.springframework.test.annotation.SystemProfileValueSource] for class [ar.edu.iua.business.ConciliacionBusinessTest]
15:23:18.636 [main] DEBUG org.springframework.test.annotation.ProfileValueUtils - Retrieved @ProfileValueSourceConfiguration [null] for test class [ar.edu.iua.business.ConciliacionBusinessTest]
15:23:18.636 [main] DEBUG org.springframework.test.annotation.ProfileValueUtils - Retrieved ProfileValueSource type [class org.springframework.test.annotation.SystemProfileValueSource] for class [ar.edu.iua.business.ConciliacionBusinessTest]
15:23:18.641 [main] DEBUG org.springframework.test.context.support.AbstractDirtiesContextTestExecutionListener - Before test class: context [DefaultTestContext@73d983ea testClass = ConciliacionBusinessTest, testInstance = [null], testMethod = [null], testException = [null], mergedContextConfiguration = [WebMergedContextConfiguration@36a5cabc testClass = ConciliacionBusinessTest, locations = '{}', classes = '{class ar.edu.iua.BackendApplication}', contextInitializerClasses = '[]', activeProfiles = '{}', propertySourceLocations = '{}', propertySourceProperties = '{org.springframework.boot.test.context.SpringBootTestContextBootstrapper=true}', contextCustomizers = set[org.springframework.boot.test.context.filter.ExcludeFilterContextCustomizer@65e98b1c, org.springframework.boot.test.json.DuplicateJsonObjectContextCustomizerFactory$DuplicateJsonObjectContextCustomizer@510f3d34, org.springframework.boot.test.mock.mockito.MockitoContextCustomizer@1d4b6168, org.springframework.boot.test.web.client.TestRestTemplateContextCustomizer@65d09a04, org.springframework.boot.test.autoconfigure.properties.PropertyMappingContextCustomizer@0, org.springframework.boot.test.autoconfigure.web.servlet.WebDriverContextCustomizerFactory$Customizer@63070bab, org.springframework.boot.test.context.SpringBootTestArgs@1], resourceBasePath = 'src/main/webapp', contextLoader = 'org.springframework.boot.test.context.SpringBootContextLoader', parent = [null]], attributes = map['org.springframework.test.context.web.ServletTestExecutionListener.activateListener' -> true]], class annotated with @DirtiesContext [false] with mode [null].
15:23:18.644 [main] DEBUG org.springframework.test.annotation.ProfileValueUtils - Retrieved @ProfileValueSourceConfiguration [null] for test class [ar.edu.iua.business.ConciliacionBusinessTest]
15:23:18.644 [main] DEBUG org.springframework.test.annotation.ProfileValueUtils - Retrieved ProfileValueSource type [class org.springframework.test.annotation.SystemProfileValueSource] for class [ar.edu.iua.business.ConciliacionBusinessTest]
15:23:18.667 [main] DEBUG org.springframework.test.context.support.TestPropertySourceUtils - Adding inlined properties to environment: {spring.jmx.enabled=false, org.springframework.boot.test.context.SpringBootTestContextBootstrapper=true}

  .   ____          _            __ _ _
 /\\ / ___'_ __ _ _(_)_ __  __ _ \ \ \ \
( ( )\___ | '_ | '_| | '_ \/ _` | \ \ \ \
 \\/  ___)| |_)| | | | | || (_| |  ) ) ) )
  '  |____| .__|_| |_|_| |_\__, | / / / /
 =========|_|==============|___/=/_/_/_/
 :: Spring Boot ::        (v2.3.2.RELEASE)

2020-11-28 15:23:21.223  WARN 530 --- [           main] JpaBaseConfiguration$JpaWebConfiguration : spring.jpa.open-in-view is enabled by default. Therefore, database queries may be performed during view rendering. Explicitly configure spring.jpa.open-in-view to disable this warning
2020-11-28 15:23:22.774 DEBUG 530 --- [           main] o.h.stat.internal.StatisticsInitiator    : Statistics initialized [enabled=true]
2020-11-28 15:23:23.048  INFO 530 --- [           main] ication$$EnhancerBySpringCGLIB$$1f913240 : DataSource URL: jdbc:mysql://127.0.0.1:3306/testw3?createDatabaseIfNotExist=true&verifyServerCertificate=false&useSSL=true
2020-11-28 15:23:23.048  INFO 530 --- [           main] ar.edu.iua.IPruebaPerfil                 : ***** MYSQL *****
Hibernate: 
    select
        orden0_.id as id1_6_,
        orden0_.camion_id as camion_18_6_,
        orden0_.caudal as caudal2_6_,
        orden0_.cliente_id as cliente19_6_,
        orden0_.conciliacion_id as concili20_6_,
        orden0_.densidad as densidad3_6_,
        orden0_.estado as estado4_6_,
        orden0_.fecha_generacion_orden as fecha_ge5_6_,
        orden0_.fecha_pesaje_final as fecha_pe6_6_,
        orden0_.fecha_pesaje_inicial as fecha_pe7_6_,
        orden0_.fecha_prevista_carga as fecha_pr8_6_,
        orden0_.fecha_ultimo_almacenamiento as fecha_ul9_6_,
        orden0_.masa_acumulada as masa_ac10_6_,
        orden0_.numero_orden as numero_11_6_,
        orden0_.password as passwor12_6_,
        orden0_.pesaje_final as pesaje_13_6_,
        orden0_.pesaje_inicial as pesaje_14_6_,
        orden0_.preset as preset15_6_,
        orden0_.producto_id as product21_6_,
        orden0_.temperatura as tempera16_6_,
        orden0_.tiempo_almacenaje as tiempo_17_6_ 
    from
        orden orden0_ 
    where
        orden0_.numero_orden=?
2020-11-28 15:23:23.240 DEBUG 530 --- [           main] o.h.stat.internal.StatisticsImpl         : HHH000117: HQL: select generatedAlias0 from Orden as generatedAlias0 where generatedAlias0.numeroOrden=:param0, time: 12ms, rows: 0
]]></system-out>
    <system-err><![CDATA[Nov 28, 2020 3:23:17 PM org.junit.platform.launcher.core.DefaultLauncher handleThrowable
WARNING: TestEngine with ID 'junit-jupiter' failed to discover tests
java.lang.NoClassDefFoundError: org/junit/jupiter/api/parallel/ExecutionMode
	at org.junit.jupiter.engine.JupiterTestEngine.discover(JupiterTestEngine.java:66)
	at org.junit.platform.launcher.core.DefaultLauncher.discoverEngineRoot(DefaultLauncher.java:168)
	at org.junit.platform.launcher.core.DefaultLauncher.discoverRoot(DefaultLauncher.java:155)
	at org.junit.platform.launcher.core.DefaultLauncher.discover(DefaultLauncher.java:120)
	at org.apache.maven.surefire.junitplatform.TestPlanScannerFilter.accept(TestPlanScannerFilter.java:56)
	at org.apache.maven.surefire.util.DefaultScanResult.applyFilter(DefaultScanResult.java:102)
	at org.apache.maven.surefire.junitplatform.JUnitPlatformProvider.scanClasspath(JUnitPlatformProvider.java:143)
	at org.apache.maven.surefire.junitplatform.JUnitPlatformProvider.invoke(JUnitPlatformProvider.java:124)
	at org.apache.maven.surefire.booter.ForkedBooter.invokeProviderInSameClassLoader(ForkedBooter.java:384)
	at org.apache.maven.surefire.booter.ForkedBooter.runSuitesInProcess(ForkedBooter.java:345)
	at org.apache.maven.surefire.booter.ForkedBooter.execute(ForkedBooter.java:126)
	at org.apache.maven.surefire.booter.ForkedBooter.main(ForkedBooter.java:418)
Caused by: java.lang.ClassNotFoundException: org.junit.jupiter.api.parallel.ExecutionMode
	at java.base/jdk.internal.loader.BuiltinClassLoader.loadClass(BuiltinClassLoader.java:581)
	at java.base/jdk.internal.loader.ClassLoaders$AppClassLoader.loadClass(ClassLoaders.java:178)
	at java.base/java.lang.ClassLoader.loadClass(ClassLoader.java:522)
	... 12 more

Nov 28, 2020 3:23:18 PM org.junit.platform.launcher.core.DefaultLauncher handleThrowable
WARNING: TestEngine with ID 'junit-jupiter' failed to discover tests
java.lang.NoClassDefFoundError: org/junit/jupiter/api/parallel/ExecutionMode
	at org.junit.jupiter.engine.JupiterTestEngine.discover(JupiterTestEngine.java:66)
	at org.junit.platform.launcher.core.DefaultLauncher.discoverEngineRoot(DefaultLauncher.java:168)
	at org.junit.platform.launcher.core.DefaultLauncher.discoverRoot(DefaultLauncher.java:155)
	at org.junit.platform.launcher.core.DefaultLauncher.discover(DefaultLauncher.java:120)
	at org.apache.maven.surefire.junitplatform.TestPlanScannerFilter.accept(TestPlanScannerFilter.java:56)
	at org.apache.maven.surefire.util.DefaultScanResult.applyFilter(DefaultScanResult.java:102)
	at org.apache.maven.surefire.junitplatform.JUnitPlatformProvider.scanClasspath(JUnitPlatformProvider.java:143)
	at org.apache.maven.surefire.junitplatform.JUnitPlatformProvider.invoke(JUnitPlatformProvider.java:124)
	at org.apache.maven.surefire.booter.ForkedBooter.invokeProviderInSameClassLoader(ForkedBooter.java:384)
	at org.apache.maven.surefire.booter.ForkedBooter.runSuitesInProcess(ForkedBooter.java:345)
	at org.apache.maven.surefire.booter.ForkedBooter.execute(ForkedBooter.java:126)
	at org.apache.maven.surefire.booter.ForkedBooter.main(ForkedBooter.java:418)
Caused by: java.lang.ClassNotFoundException: org.junit.jupiter.api.parallel.ExecutionMode
	at java.base/jdk.internal.loader.BuiltinClassLoader.loadClass(BuiltinClassLoader.java:581)
	at java.base/jdk.internal.loader.ClassLoaders$AppClassLoader.loadClass(ClassLoaders.java:178)
	at java.base/java.lang.ClassLoader.loadClass(ClassLoader.java:522)
	... 12 more

Nov 28, 2020 3:23:18 PM org.junit.platform.launcher.core.DefaultLauncher handleThrowable
WARNING: TestEngine with ID 'junit-jupiter' failed to discover tests
java.lang.NoClassDefFoundError: org/junit/jupiter/api/parallel/ExecutionMode
	at org.junit.jupiter.engine.JupiterTestEngine.discover(JupiterTestEngine.java:66)
	at org.junit.platform.launcher.core.DefaultLauncher.discoverEngineRoot(DefaultLauncher.java:168)
	at org.junit.platform.launcher.core.DefaultLauncher.discoverRoot(DefaultLauncher.java:155)
	at org.junit.platform.launcher.core.DefaultLauncher.execute(DefaultLauncher.java:128)
	at org.apache.maven.surefire.junitplatform.JUnitPlatformProvider.invokeAllTests(JUnitPlatformProvider.java:150)
	at org.apache.maven.surefire.junitplatform.JUnitPlatformProvider.invoke(JUnitPlatformProvider.java:124)
	at org.apache.maven.surefire.booter.ForkedBooter.invokeProviderInSameClassLoader(ForkedBooter.java:384)
	at org.apache.maven.surefire.booter.ForkedBooter.runSuitesInProcess(ForkedBooter.java:345)
	at org.apache.maven.surefire.booter.ForkedBooter.execute(ForkedBooter.java:126)
	at org.apache.maven.surefire.booter.ForkedBooter.main(ForkedBooter.java:418)
Caused by: java.lang.ClassNotFoundException: org.junit.jupiter.api.parallel.ExecutionMode
	at java.base/jdk.internal.loader.BuiltinClassLoader.loadClass(BuiltinClassLoader.java:581)
	at java.base/jdk.internal.loader.ClassLoaders$AppClassLoader.loadClass(ClassLoaders.java:178)
	at java.base/java.lang.ClassLoader.loadClass(ClassLoader.java:522)
	... 10 more

]]></system-err>
  </testcase>
</testsuite>